<?xml version="1.0" encoding="UTF-8"?>
<!-- Generated by org.testng.reporters.JUnitReportReporter -->
<testsuite hostname="DESKTOP-KBM" failures="0" tests="2" name="gridTest.TestGoogle" time="14.087" errors="0" timestamp="26 Sept 2024 07:10:29 GMT" skipped="0">
  <testcase classname="gridTest.TestGoogle" name="openFireFox" time="6.780"/>
  <testcase classname="gridTest.TestGoogle" name="openChrome" time="7.307"/>
</testsuite> <!-- gridTest.TestGoogle -->
